  Mem.c
C:\Program Files (x86)\Microsoft Visual Studio\2019\Community\VC\Tools\MSVC\14.24.28314\include\cstdint(21,1): error C2061: erreur de syntaxe : identificateur 'std'
C:\Program Files (x86)\Microsoft Visual Studio\2019\Community\VC\Tools\MSVC\14.24.28314\include\cstdint(21,1): error C2059: erreur de syntaxe : ';'
C:\Program Files (x86)\Microsoft Visual Studio\2019\Community\VC\Tools\MSVC\14.24.28314\include\cstdint(21,1): error C2449: trouvé '{' au niveau de la portée du fichier (en-tête de fonction manquant ?)
C:\Program Files (x86)\Microsoft Visual Studio\2019\Community\VC\Tools\MSVC\14.24.28314\include\cstdint(89,1): error C2059: erreur de syntaxe : '}'
C:\Users\motyl\source\repos\TD3-Embarqué\TD3-Embarqué\Mem.h(5,1): warning C4116: définition de type sans nom entre parenthèses
C:\Users\motyl\source\repos\TD3-Embarqué\TD3-Embarqué\Mem.h(12,6): error C2061: erreur de syntaxe : identificateur 'store'
C:\Users\motyl\source\repos\TD3-Embarqué\TD3-Embarqué\Mem.h(12,6): error C2059: erreur de syntaxe : ';'
C:\Users\motyl\source\repos\TD3-Embarqué\TD3-Embarqué\Mem.h(12,15): error C2143: erreur de syntaxe : absence de ')' avant '*'
C:\Users\motyl\source\repos\TD3-Embarqué\TD3-Embarqué\Mem.h(12,15): error C2143: erreur de syntaxe : absence de '{' avant '*'
C:\Users\motyl\source\repos\TD3-Embarqué\TD3-Embarqué\Mem.h(12,16): error C2059: erreur de syntaxe : ','
C:\Users\motyl\source\repos\TD3-Embarqué\TD3-Embarqué\Mem.h(12,30): error C2059: erreur de syntaxe : ')'
C:\Users\motyl\source\repos\TD3-Embarqué\TD3-Embarqué\Mem.h(13,17): error C2143: erreur de syntaxe : absence de ')' avant '*'
C:\Users\motyl\source\repos\TD3-Embarqué\TD3-Embarqué\Mem.h(13,17): error C2143: erreur de syntaxe : absence de '{' avant '*'
C:\Users\motyl\source\repos\TD3-Embarqué\TD3-Embarqué\Mem.h(13,19): error C2059: erreur de syntaxe : ','
C:\Users\motyl\source\repos\TD3-Embarqué\TD3-Embarqué\Mem.h(13,67): error C2059: erreur de syntaxe : ')'
C:\Users\motyl\source\repos\TD3-Embarqué\TD3-Embarqué\Mem.c(4,7): error C2061: erreur de syntaxe : identificateur 'Initmem'
C:\Users\motyl\source\repos\TD3-Embarqué\TD3-Embarqué\Mem.c(4,7): error C2059: erreur de syntaxe : ';'
C:\Users\motyl\source\repos\TD3-Embarqué\TD3-Embarqué\Mem.c(4,19): error C2146: erreur de syntaxe : absence de ')' avant l'identificateur 'Memory'
C:\Users\motyl\source\repos\TD3-Embarqué\TD3-Embarqué\Mem.c(4,19): error C2061: erreur de syntaxe : identificateur 'Memory'
C:\Users\motyl\source\repos\TD3-Embarqué\TD3-Embarqué\Mem.c(4,25): error C2059: erreur de syntaxe : ','
C:\Users\motyl\source\repos\TD3-Embarqué\TD3-Embarqué\Mem.c(5,36): error C2059: erreur de syntaxe : ')'
C:\Users\motyl\source\repos\TD3-Embarqué\TD3-Embarqué\Mem.c(12,15): error C2143: erreur de syntaxe : absence de ')' avant '*'
C:\Users\motyl\source\repos\TD3-Embarqué\TD3-Embarqué\Mem.c(12,15): error C2143: erreur de syntaxe : absence de '{' avant '*'
C:\Users\motyl\source\repos\TD3-Embarqué\TD3-Embarqué\Mem.c(12,17): error C2040: 'mem' : les niveaux d'indirection de 'int *' et de 'int' sont différents
C:\Users\motyl\source\repos\TD3-Embarqué\TD3-Embarqué\Mem.c(12,35): error C2059: erreur de syntaxe : 'type'
C:\Users\motyl\source\repos\TD3-Embarqué\TD3-Embarqué\Mem.c(12,41): error C2059: erreur de syntaxe : ')'
  Main.c
C:\Program Files (x86)\Microsoft Visual Studio\2019\Community\VC\Tools\MSVC\14.24.28314\include\cstdlib(23,62): error C2061: erreur de syntaxe : identificateur 'noexcept'
C:\Program Files (x86)\Microsoft Visual Studio\2019\Community\VC\Tools\MSVC\14.24.28314\include\cstdlib(23,62): error C2059: erreur de syntaxe : ';'
C:\Program Files (x86)\Microsoft Visual Studio\2019\Community\VC\Tools\MSVC\14.24.28314\include\cstdlib(23,90): error C2449: trouvé '{' au niveau de la portée du fichier (en-tête de fonction manquant ?)
C:\Program Files (x86)\Microsoft Visual Studio\2019\Community\VC\Tools\MSVC\14.24.28314\include\cstdlib(25,1): error C2059: erreur de syntaxe : '}'
C:\Program Files (x86)\Microsoft Visual Studio\2019\Community\VC\Tools\MSVC\14.24.28314\include\cstdlib(31,72): error C2061: erreur de syntaxe : identificateur 'noexcept'
C:\Program Files (x86)\Microsoft Visual Studio\2019\Community\VC\Tools\MSVC\14.24.28314\include\cstdlib(31,72): error C2059: erreur de syntaxe : ';'
C:\Program Files (x86)\Microsoft Visual Studio\2019\Community\VC\Tools\MSVC\14.24.28314\include\cstdlib(31,100): error C2449: trouvé '{' au niveau de la portée du fichier (en-tête de fonction manquant ?)
C:\Program Files (x86)\Microsoft Visual Studio\2019\Community\VC\Tools\MSVC\14.24.28314\include\cstdlib(33,1): error C2059: erreur de syntaxe : '}'
C:\Program Files (x86)\Microsoft Visual Studio\2019\Community\VC\Tools\MSVC\14.24.28314\include\cmath(21,76): error C2061: erreur de syntaxe : identificateur 'noexcept'
C:\Program Files (x86)\Microsoft Visual Studio\2019\Community\VC\Tools\MSVC\14.24.28314\include\cmath(21,76): error C2059: erreur de syntaxe : ';'
C:\Program Files (x86)\Microsoft Visual Studio\2019\Community\VC\Tools\MSVC\14.24.28314\include\cmath(21,104): error C2449: trouvé '{' au niveau de la portée du fichier (en-tête de fonction manquant ?)
C:\Program Files (x86)\Microsoft Visual Studio\2019\Community\VC\Tools\MSVC\14.24.28314\include\cmath(27,1): error C2059: erreur de syntaxe : '}'
C:\Program Files (x86)\Microsoft Visual Studio\2019\Community\VC\Tools\MSVC\14.24.28314\include\cmath(33,62): error C2061: erreur de syntaxe : identificateur 'noexcept'
C:\Program Files (x86)\Microsoft Visual Studio\2019\Community\VC\Tools\MSVC\14.24.28314\include\cmath(33,62): error C2059: erreur de syntaxe : ';'
C:\Program Files (x86)\Microsoft Visual Studio\2019\Community\VC\Tools\MSVC\14.24.28314\include\cmath(33,90): error C2449: trouvé '{' au niveau de la portée du fichier (en-tête de fonction manquant ?)
C:\Program Files (x86)\Microsoft Visual Studio\2019\Community\VC\Tools\MSVC\14.24.28314\include\cmath(35,1): error C2059: erreur de syntaxe : '}'
C:\Program Files (x86)\Microsoft Visual Studio\2019\Community\VC\Tools\MSVC\14.24.28314\include\cmath(41,62): error C2061: erreur de syntaxe : identificateur 'noexcept'
C:\Program Files (x86)\Microsoft Visual Studio\2019\Community\VC\Tools\MSVC\14.24.28314\include\cmath(41,62): error C2059: erreur de syntaxe : ';'
C:\Program Files (x86)\Microsoft Visual Studio\2019\Community\VC\Tools\MSVC\14.24.28314\include\cmath(41,90): error C2449: trouvé '{' au niveau de la portée du fichier (en-tête de fonction manquant ?)
C:\Program Files (x86)\Microsoft Visual Studio\2019\Community\VC\Tools\MSVC\14.24.28314\include\cmath(43,1): error C2059: erreur de syntaxe : '}'
C:\Program Files (x86)\Microsoft Visual Studio\2019\Community\VC\Tools\MSVC\14.24.28314\include\cmath(49,62): error C2061: erreur de syntaxe : identificateur 'noexcept'
C:\Program Files (x86)\Microsoft Visual Studio\2019\Community\VC\Tools\MSVC\14.24.28314\include\cmath(49,62): error C2059: erreur de syntaxe : ';'
C:\Program Files (x86)\Microsoft Visual Studio\2019\Community\VC\Tools\MSVC\14.24.28314\include\cmath(49,90): error C2449: trouvé '{' au niveau de la portée du fichier (en-tête de fonction manquant ?)
C:\Program Files (x86)\Microsoft Visual Studio\2019\Community\VC\Tools\MSVC\14.24.28314\include\cmath(51,1): error C2059: erreur de syntaxe : '}'
C:\Program Files (x86)\Microsoft Visual Studio\2019\Community\VC\Tools\MSVC\14.24.28314\include\cmath(57,61): error C2061: erreur de syntaxe : identificateur 'noexcept'
C:\Program Files (x86)\Microsoft Visual Studio\2019\Community\VC\Tools\MSVC\14.24.28314\include\cmath(57,61): error C2059: erreur de syntaxe : ';'
C:\Program Files (x86)\Microsoft Visual Studio\2019\Community\VC\Tools\MSVC\14.24.28314\include\cmath(57,89): error C2449: trouvé '{' au niveau de la portée du fichier (en-tête de fonction manquant ?)
C:\Program Files (x86)\Microsoft Visual Studio\2019\Community\VC\Tools\MSVC\14.24.28314\include\cmath(59,1): error C2059: erreur de syntaxe : '}'
C:\Program Files (x86)\Microsoft Visual Studio\2019\Community\VC\Tools\MSVC\14.24.28314\include\cmath(65,87): error C2061: erreur de syntaxe : identificateur 'noexcept'
C:\Program Files (x86)\Microsoft Visual Studio\2019\Community\VC\Tools\MSVC\14.24.28314\include\cmath(65,87): error C2059: erreur de syntaxe : ';'
C:\Program Files (x86)\Microsoft Visual Studio\2019\Community\VC\Tools\MSVC\14.24.28314\include\cmath(65,115): error C2449: trouvé '{' au niveau de la portée du fichier (en-tête de fonction manquant ?)
C:\Program Files (x86)\Microsoft Visual Studio\2019\Community\VC\Tools\MSVC\14.24.28314\include\cmath(67,1): error C2059: erreur de syntaxe : '}'
C:\Program Files (x86)\Microsoft Visual Studio\2019\Community\VC\Tools\MSVC\14.24.28314\include\cmath(73,61): error C2061: erreur de syntaxe : identificateur 'noexcept'
C:\Program Files (x86)\Microsoft Visual Studio\2019\Community\VC\Tools\MSVC\14.24.28314\include\cmath(73,61): error C2059: erreur de syntaxe : ';'
C:\Program Files (x86)\Microsoft Visual Studio\2019\Community\VC\Tools\MSVC\14.24.28314\include\cmath(73,89): error C2449: trouvé '{' au niveau de la portée du fichier (en-tête de fonction manquant ?)
C:\Program Files (x86)\Microsoft Visual Studio\2019\Community\VC\Tools\MSVC\14.24.28314\include\cmath(75,1): error C2059: erreur de syntaxe : '}'
C:\Program Files (x86)\Microsoft Visual Studio\2019\Community\VC\Tools\MSVC\14.24.28314\include\cmath(81,61): error C2061: erreur de syntaxe : identificateur 'noexcept'
C:\Program Files (x86)\Microsoft Visual Studio\2019\Community\VC\Tools\MSVC\14.24.28314\include\cmath(81,61): error C2059: erreur de syntaxe : ';'
C:\Program Files (x86)\Microsoft Visual Studio\2019\Community\VC\Tools\MSVC\14.24.28314\include\cmath(81,89): error C2449: trouvé '{' au niveau de la portée du fichier (en-tête de fonction manquant ?)
C:\Program Files (x86)\Microsoft Visual Studio\2019\Community\VC\Tools\MSVC\14.24.28314\include\cmath(83,1): error C2059: erreur de syntaxe : '}'
C:\Program Files (x86)\Microsoft Visual Studio\2019\Community\VC\Tools\MSVC\14.24.28314\include\cmath(89,61): error C2061: erreur de syntaxe : identificateur 'noexcept'
C:\Program Files (x86)\Microsoft Visual Studio\2019\Community\VC\Tools\MSVC\14.24.28314\include\cmath(89,61): error C2059: erreur de syntaxe : ';'
C:\Program Files (x86)\Microsoft Visual Studio\2019\Community\VC\Tools\MSVC\14.24.28314\include\cmath(89,89): error C2449: trouvé '{' au niveau de la portée du fichier (en-tête de fonction manquant ?)
C:\Program Files (x86)\Microsoft Visual Studio\2019\Community\VC\Tools\MSVC\14.24.28314\include\cmath(91,1): error C2059: erreur de syntaxe : '}'
C:\Program Files (x86)\Microsoft Visual Studio\2019\Community\VC\Tools\MSVC\14.24.28314\include\cmath(97,61): error C2061: erreur de syntaxe : identificateur 'noexcept'
C:\Program Files (x86)\Microsoft Visual Studio\2019\Community\VC\Tools\MSVC\14.24.28314\include\cmath(97,61): error C2059: erreur de syntaxe : ';'
C:\Program Files (x86)\Microsoft Visual Studio\2019\Community\VC\Tools\MSVC\14.24.28314\include\cmath(97,89): error C2449: trouvé '{' au niveau de la portée du fichier (en-tête de fonction manquant ?)
C:\Program Files (x86)\Microsoft Visual Studio\2019\Community\VC\Tools\MSVC\14.24.28314\include\cmath(99,1): error C2059: erreur de syntaxe : '}'
C:\Program Files (x86)\Microsoft Visual Studio\2019\Community\VC\Tools\MSVC\14.24.28314\include\cmath(105,62): error C2061: erreur de syntaxe : identificateur 'noexcept'
C:\Program Files (x86)\Microsoft Visual Studio\2019\Community\VC\Tools\MSVC\14.24.28314\include\cmath(105,62): error C2059: erreur de syntaxe : ';'
C:\Program Files (x86)\Microsoft Visual Studio\2019\Community\VC\Tools\MSVC\14.24.28314\include\cmath(105,90): error C2449: trouvé '{' au niveau de la portée du fichier (en-tête de fonction manquant ?)
C:\Program Files (x86)\Microsoft Visual Studio\2019\Community\VC\Tools\MSVC\14.24.28314\include\cmath(107,1): error C2059: erreur de syntaxe : '}'
C:\Program Files (x86)\Microsoft Visual Studio\2019\Community\VC\Tools\MSVC\14.24.28314\include\cmath(113,77): error C2061: erreur de syntaxe : identificateur 'noexcept'
C:\Program Files (x86)\Microsoft Visual Studio\2019\Community\VC\Tools\MSVC\14.24.28314\include\cmath(113,77): error C2059: erreur de syntaxe : ';'
C:\Program Files (x86)\Microsoft Visual Studio\2019\Community\VC\Tools\MSVC\14.24.28314\include\cmath(113,105): error C2449: trouvé '{' au niveau de la portée du fichier (en-tête de fonction manquant ?)
C:\Program Files (x86)\Microsoft Visual Studio\2019\Community\VC\Tools\MSVC\14.24.28314\include\cmath(115,1): error C2059: erreur de syntaxe : '}'
C:\Program Files (x86)\Microsoft Visual Studio\2019\Community\VC\Tools\MSVC\14.24.28314\include\cmath(121,77): error C2061: erreur de syntaxe : identificateur 'noexcept'
C:\Program Files (x86)\Microsoft Visual Studio\2019\Community\VC\Tools\MSVC\14.24.28314\include\cmath(121,77): error C2059: erreur de syntaxe : ';'
C:\Program Files (x86)\Microsoft Visual Studio\2019\Community\VC\Tools\MSVC\14.24.28314\include\cmath(121,105): error C2449: trouvé '{' au niveau de la portée du fichier (en-tête de fonction manquant ?)
C:\Program Files (x86)\Microsoft Visual Studio\2019\Community\VC\Tools\MSVC\14.24.28314\include\cmath(123,1): error C2059: erreur de syntaxe : '}'
C:\Program Files (x86)\Microsoft Visual Studio\2019\Community\VC\Tools\MSVC\14.24.28314\include\cmath(129,78): error C2061: erreur de syntaxe : identificateur 'noexcept'
C:\Program Files (x86)\Microsoft Visual Studio\2019\Community\VC\Tools\MSVC\14.24.28314\include\cmath(129,78): error C2059: erreur de syntaxe : ';'
C:\Program Files (x86)\Microsoft Visual Studio\2019\Community\VC\Tools\MSVC\14.24.28314\include\cmath(129,106): error C2449: trouvé '{' au niveau de la portée du fichier (en-tête de fonction manquant ?)
C:\Program Files (x86)\Microsoft Visual Studio\2019\Community\VC\Tools\MSVC\14.24.28314\include\cmath(131,1): error C2059: erreur de syntaxe : '}'
C:\Program Files (x86)\Microsoft Visual Studio\2019\Community\VC\Tools\MSVC\14.24.28314\include\cmath(137,76): error C2061: erreur de syntaxe : identificateur 'noexcept'
C:\Program Files (x86)\Microsoft Visual Studio\2019\Community\VC\Tools\MSVC\14.24.28314\include\cmath(137,76): error C2059: erreur de syntaxe : ';'
C:\Program Files (x86)\Microsoft Visual Studio\2019\Community\VC\Tools\MSVC\14.24.28314\include\cmath(137,104): error C2449: trouvé '{' au niveau de la portée du fichier (en-tête de fonction manquant ?)
C:\Program Files (x86)\Microsoft Visual Studio\2019\Community\VC\Tools\MSVC\14.24.28314\include\cmath(139,1): error C2059: erreur de syntaxe : '}'
C:\Program Files (x86)\Microsoft Visual Studio\2019\Community\VC\Tools\MSVC\14.24.28314\include\cmath(145,67): error C2061: erreur de syntaxe : identificateur 'noexcept'
C:\Program Files (x86)\Microsoft Visual Studio\2019\Community\VC\Tools\MSVC\14.24.28314\include\cmath(145,67): error C2059: erreur de syntaxe : ';'
C:\Program Files (x86)\Microsoft Visual Studio\2019\Community\VC\Tools\MSVC\14.24.28314\include\cmath(145,95): error C2449: trouvé '{' au niveau de la portée du fichier (en-tête de fonction manquant ?)
C:\Program Files (x86)\Microsoft Visual Studio\2019\Community\VC\Tools\MSVC\14.24.28314\include\cmath(147,1): error C2059: erreur de syntaxe : '}'
C:\Program Files (x86)\Microsoft Visual Studio\2019\Community\VC\Tools\MSVC\14.24.28314\include\cmath(153,60): error C2061: erreur de syntaxe : identificateur 'noexcept'
C:\Program Files (x86)\Microsoft Visual Studio\2019\Community\VC\Tools\MSVC\14.24.28314\include\cmath(153,60): error C2059: erreur de syntaxe : ';'
C:\Program Files (x86)\Microsoft Visual Studio\2019\Community\VC\Tools\MSVC\14.24.28314\include\cmath(153,88): error C2449: trouvé '{' au niveau de la portée du fichier (en-tête de fonction manquant ?)
C:\Program Files (x86)\Microsoft Visual Studio\2019\Community\VC\Tools\MSVC\14.24.28314\include\cmath(155,1): error C2059: erreur de syntaxe : '}'
C:\Program Files (x86)\Microsoft Visual Studio\2019\Community\VC\Tools\MSVC\14.24.28314\include\cmath(161,62): error C2061: erreur de syntaxe : identificateur 'noexcept'
C:\Program Files (x86)\Microsoft Visual Studio\2019\Community\VC\Tools\MSVC\14.24.28314\include\cmath(161,62): error C2059: erreur de syntaxe : ';'
C:\Program Files (x86)\Microsoft Visual Studio\2019\Community\VC\Tools\MSVC\14.24.28314\include\cmath(161,90): error C2449: trouvé '{' au niveau de la portée du fichier (en-tête de fonction manquant ?)
C:\Program Files (x86)\Microsoft Visual Studio\2019\Community\VC\Tools\MSVC\14.24.28314\include\cmath(163,1): error C2059: erreur de syntaxe : '}'
C:\Program Files (x86)\Microsoft Visual Studio\2019\Community\VC\Tools\MSVC\14.24.28314\include\cmath(169,61): error C2061: erreur de syntaxe : identificateur 'noexcept'
C:\Program Files (x86)\Microsoft Visual Studio\2019\Community\VC\Tools\MSVC\14.24.28314\include\cmath(169,61): error C2059: erreur de syntaxe : ';'
C:\Program Files (x86)\Microsoft Visual Studio\2019\Community\VC\Tools\MSVC\14.24.28314\include\cmath(169,89): error C2449: trouvé '{' au niveau de la portée du fichier (en-tête de fonction manquant ?)
C:\Program Files (x86)\Microsoft Visual Studio\2019\Community\VC\Tools\MSVC\14.24.28314\include\cmath(171,1): error C2059: erreur de syntaxe : '}'
C:\Program Files (x86)\Microsoft Visual Studio\2019\Community\VC\Tools\MSVC\14.24.28314\include\cmath(177,62): error C2061: erreur de syntaxe : identificateur 'noexcept'
C:\Program Files (x86)\Microsoft Visual Studio\2019\Community\VC\Tools\MSVC\14.24.28314\include\cmath(177,62): error C2059: erreur de syntaxe : ';'
C:\Program Files (x86)\Microsoft Visual Studio\2019\Community\VC\Tools\MSVC\14.24.28314\include\cmath(177,90): error C2449: trouvé '{' au niveau de la portée du fichier (en-tête de fonction manquant ?)
C:\Program Files (x86)\Microsoft Visual Studio\2019\Community\VC\Tools\MSVC\14.24.28314\include\cmath(179,1): error C2059: erreur de syntaxe : '}'
C:\Program Files (x86)\Microsoft Visual Studio\2019\Community\VC\Tools\MSVC\14.24.28314\include\cmath(185,66): error C2061: erreur de syntaxe : identificateur 'noexcept'
C:\Program Files (x86)\Microsoft Visual Studio\2019\Community\VC\Tools\MSVC\14.24.28314\include\cmath(185,66): error C2059: erreur de syntaxe : ';'
C:\Program Files (x86)\Microsoft Visual Studio\2019\Community\VC\Tools\MSVC\14.24.28314\include\cmath(185,94): error C2449: trouvé '{' au niveau de la portée du fichier (en-tête de fonction manquant ?)
C:\Program Files (x86)\Microsoft Visual Studio\2019\Community\VC\Tools\MSVC\14.24.28314\include\cmath(187,1): error C2059: erreur de syntaxe : '}'
C:\Program Files (x86)\Microsoft Visual Studio\2019\Community\VC\Tools\MSVC\14.24.28314\include\cmath(193,89): error C2061: erreur de syntaxe : identificateur 'noexcept'
C:\Program Files (x86)\Microsoft Visual Studio\2019\Community\VC\Tools\MSVC\14.24.28314\include\cmath(193,89): error C2059: erreur de syntaxe : ';'
C:\Program Files (x86)\Microsoft Visual Studio\2019\Community\VC\Tools\MSVC\14.24.28314\include\cmath(193,117): error C2449: trouvé '{' au niveau de la portée du fichier (en-tête de fonction manquant ?)
C:\Program Files (x86)\Microsoft Visual Studio\2019\Community\VC\Tools\MSVC\14.24.28314\include\cmath(195,1): error C2059: erreur de syntaxe : '}'
C:\Program Files (x86)\Microsoft Visual Studio\2019\Community\VC\Tools\MSVC\14.24.28314\include\cmath(201,74): error C2061: erreur de syntaxe : identificateur 'noexcept'
C:\Program Files (x86)\Microsoft Visual Studio\2019\Community\VC\Tools\MSVC\14.24.28314\include\cmath(201,74): error C2059: erreur de syntaxe : ';'
C:\Program Files (x86)\Microsoft Visual Studio\2019\Community\VC\Tools\MSVC\14.24.28314\include\cmath(201,102): error C2449: trouvé '{' au niveau de la portée du fichier (en-tête de fonction manquant ?)
C:\Program Files (x86)\Microsoft Visual Studio\2019\Community\VC\Tools\MSVC\14.24.28314\include\cmath(207,1): error C2059: erreur de syntaxe : '}'
C:\Program Files (x86)\Microsoft Visual Studio\2019\Community\VC\Tools\MSVC\14.24.28314\include\cmath(213,69): error C2061: erreur de syntaxe : identificateur 'noexcept'
C:\Program Files (x86)\Microsoft Visual Studio\2019\Community\VC\Tools\MSVC\14.24.28314\include\cmath(213,69): fatal error C1003: le nombre d'erreurs est supérieur à 100 ; arrêt de la compilation
  Génération de code en cours...
